Unity Editor version:    2022.3.4f1 (35713cd46cd7)
Branch:                  2022.3/staging
Build type:              Release
Batch mode:              YES
macOS version:           Version 14.0 (Build 23A5301h)
Darwin version:          23.0.0
Architecture:            arm64
Running under Rosetta:   NO
Available memory:        16384 MB
Using pre-set license
Pro License: YES

COMMAND LINE ARGUMENTS:
/Applications/Unity/Hub/Editor/2022.3.4f1/Unity.app/Contents/MacOS/Unity
-adb2
-batchMode
-noUpm
-name
AssetImportWorker0
-projectPath
/Users/norne/dev/flappyBird_2
-logFile
Logs/AssetImportWorker0.log
-srvPort
61018
Successfully changed project path to: /Users/norne/dev/flappyBird_2
/Users/norne/dev/flappyBird_2
[UnityMemory] Configuration Parameters - Can be set up in boot.config
    "memorysetup-bucket-allocator-granularity=16"
    "memorysetup-bucket-allocator-bucket-count=8"
    "memorysetup-bucket-allocator-block-size=33554432"
    "memorysetup-bucket-allocator-block-count=8"
    "memorysetup-main-allocator-block-size=16777216"
    "memorysetup-thread-allocator-block-size=16777216"
    "memorysetup-gfx-main-allocator-block-size=16777216"
    "memorysetup-gfx-thread-allocator-block-size=16777216"
    "memorysetup-cache-allocator-block-size=4194304"
    "memorysetup-typetree-allocator-block-size=2097152"
    "memorysetup-profiler-bucket-allocator-granularity=16"
    "memorysetup-profiler-bucket-allocator-bucket-count=8"
    "memorysetup-profiler-bucket-allocator-block-size=33554432"
    "memorysetup-profiler-bucket-allocator-block-count=8"
    "memorysetup-profiler-allocator-block-size=16777216"
    "memorysetup-profiler-editor-allocator-block-size=1048576"
    "memorysetup-temp-allocator-size-main=16777216"
    "memorysetup-job-temp-allocator-block-size=2097152"
    "memorysetup-job-temp-allocator-block-size-background=1048576"
    "memorysetup-job-temp-allocator-reduction-small-platforms=262144"
    "memorysetup-allocator-temp-initial-block-size-main=262144"
    "memorysetup-allocator-temp-initial-block-size-worker=262144"
    "memorysetup-temp-allocator-size-background-worker=32768"
    "memorysetup-temp-allocator-size-job-worker=262144"
    "memorysetup-temp-allocator-size-preload-manager=33554432"
    "memorysetup-temp-allocator-size-nav-mesh-worker=65536"
    "memorysetup-temp-allocator-size-audio-worker=65536"
    "memorysetup-temp-allocator-size-cloud-worker=32768"
    "memorysetup-temp-allocator-size-gi-baking-worker=262144"
    "memorysetup-temp-allocator-size-gfx=262144"
Player connection [8182218432] Host "[IP] 192.168.0.102 [Port] 0 [Flags] 2 [Guid] 2871396800 [EditorId] 2871396800 [Version] 1048832 [Id] OSXEditor(0,NoRnedeMacBook-Pro-3.local) [Debug] 1 [PackageName] OSXEditor [ProjectName] Editor" joined multi-casting on [225.0.0.222:54997]...

Player connection [8182218432] Host "[IP] 192.168.0.102 [Port] 0 [Flags] 2 [Guid] 2871396800 [EditorId] 2871396800 [Version] 1048832 [Id] OSXEditor(0,NoRnedeMacBook-Pro-3.local) [Debug] 1 [PackageName] OSXEditor [ProjectName] Editor" joined alternative multi-casting on [225.0.0.222:34997]...

Refreshing native plugins compatible for Editor in 19.93 ms, found 3 plugins.
Preloading 0 native plugins for Editor in 0.00 ms.
Initialize engine version: 2022.3.4f1 (35713cd46cd7)
[Subsystems] Discovering subsystems at path /Applications/Unity/Hub/Editor/2022.3.4f1/Unity.app/Contents/Resources/UnitySubsystems
[Subsystems] Discovering subsystems at path /Users/norne/dev/flappyBird_2/Assets
GfxDevice: creating device client; threaded=0; jobified=0
 preferred device: Apple M1 (high power)
Metal devices available: 1
0: Apple M1 (high power)
Using device Apple M1 (high power)
Initializing Metal device caps: Apple M1
Initialize mono
Mono path[0] = '/Applications/Unity/Hub/Editor/2022.3.4f1/Unity.app/Contents/Managed'
Mono path[1] = '/Applications/Unity/Hub/Editor/2022.3.4f1/Unity.app/Contents/MonoBleedingEdge/lib/mono/unityjit-macos'
Mono config path = '/Applications/Unity/Hub/Editor/2022.3.4f1/Unity.app/Contents/MonoBleedingEdge/etc'
Using monoOptions --debugger-agent=transport=dt_socket,embedding=1,server=y,suspend=n,address=127.0.0.1:56462
Begin MonoManager ReloadAssembly
Registering precompiled unity dll's ...
Register platform support module: /Applications/Unity/Hub/Editor/2022.3.4f1/PlaybackEngines/WebGLSupport/UnityEditor.WebGL.Extensions.dll
Register platform support module: /Applications/Unity/Hub/Editor/2022.3.4f1/Unity.app/Contents/PlaybackEngines/MacStandaloneSupport/UnityEditor.OSXStandalone.Extensions.dll
Register platform support module: /Applications/Unity/Hub/Editor/2022.3.4f1/PlaybackEngines/iOSSupport/UnityEditor.iOS.Extensions.dll
Registered in 0.006272 seconds.
- Loaded All Assemblies, in  0.321 seconds
[usbmuxd] Start listen thread
[usbmuxd] Listen thread started
[usbmuxd] Send listen message
[usbmuxd] Attached: 11 00008110-001E6C220E13801E
Native extension for iOS target not found
Native extension for OSXStandalone target not found
Native extension for WebGL target not found
Mono: successfully reloaded assembly
- Finished resetting the current domain, in  0.283 seconds
Domain Reload Profiling: 604ms
	BeginReloadAssembly (90ms)
		ExecutionOrderSort (0ms)
		DisableScriptedObjects (0ms)
		BackupInstance (0ms)
		ReleaseScriptingObjects (0ms)
		CreateAndSetChildDomain (1ms)
	RebuildCommonClasses (29ms)
	RebuildNativeTypeToScriptingClass (9ms)
	initialDomainReloadingComplete (46ms)
	LoadAllAssembliesAndSetupDomain (146ms)
		LoadAssemblies (91ms)
		RebuildTransferFunctionScriptingTraits (0ms)
		AnalyzeDomain (143ms)
			TypeCache.Refresh (141ms)
				TypeCache.ScanAssembly (130ms)
			ScanForSourceGeneratedMonoScriptInfo (1ms)
			ResolveRequiredComponents (1ms)
	FinalizeReload (283ms)
		ReleaseScriptCaches (0ms)
		RebuildScriptCaches (0ms)
		SetupLoadedEditorAssemblies (220ms)
			LogAssemblyErrors (0ms)
			InitializePlatformSupportModulesInManaged (78ms)
			SetLoadedEditorAssemblies (6ms)
			RefreshPlugins (0ms)
			BeforeProcessingInitializeOnLoad (2ms)
			ProcessInitializeOnLoadAttributes (100ms)
			ProcessInitializeOnLoadMethodAttributes (34ms)
			AfterProcessingInitializeOnLoad (0ms)
			EditorAssembliesLoaded (0ms)
		ExecutionOrderSort2 (0ms)
		AwakeInstancesAfterBackupRestoration (0ms)
========================================================================
Worker process is ready to serve import requests
Begin MonoManager ReloadAssembly
Symbol file LoadedFromMemory doesn't match image /Users/norne/dev/flappyBird_2/Library/PackageCache/com.unity.visualscripting@1.8.0/Editor/VisualScripting.Core/Dependencies/YamlDotNet/Unity.VisualScripting.YamlDotNet.dll
Symbol file LoadedFromMemory doesn't match image /Users/norne/dev/flappyBird_2/Library/PackageCache/com.unity.visualscripting@1.8.0/Editor/VisualScripting.Core/Dependencies/DotNetZip/Unity.VisualScripting.IonicZip.dll
- Loaded All Assemblies, in  0.654 seconds
Refreshing native plugins compatible for Editor in 1.23 ms, found 3 plugins.
Native extension for iOS target not found
Native extension for OSXStandalone target not found
Native extension for WebGL target not found
System.Exception: Error! Visual Scripting: couldn't find visual scripting package
  at Unity.VisualScripting.PackageVersionUtility.get_version () [0x00025] in ./Library/PackageCache/com.unity.visualscripting@1.8.0/Editor/VisualScripting.Core/Utilities/PackageVersionUtility.cs:22 
  at Unity.VisualScripting.BoltCoreManifest.get_version () [0x00000] in ./Library/PackageCache/com.unity.visualscripting@1.8.0/Editor/VisualScripting.Core/Plugin/BoltCoreManifest.cs:11 
  at Unity.VisualScripting.PluginManifest.get_currentVersion () [0x00000] in ./Library/PackageCache/com.unity.visualscripting@1.8.0/Editor/VisualScripting.Core/Plugins/PluginManifest.cs:33 
  at Unity.VisualScripting.PluginManifest.get_versionMismatch () [0x00000] in ./Library/PackageCache/com.unity.visualscripting@1.8.0/Editor/VisualScripting.Core/Plugins/PluginManifest.cs:48 
  at Unity.VisualScripting.PluginContainer.Initialize () [0x0057d] in ./Library/PackageCache/com.unity.visualscripting@1.8.0/Editor/VisualScripting.Core/Plugins/PluginContainer.cs:208 
  at Unity.VisualScripting.PluginContainer.InitializeOnLoad () [0x00012] in ./Library/PackageCache/com.unity.visualscripting@1.8.0/Editor/VisualScripting.Core/Plugins/PluginContainer.cs:32 
  at Unity.VisualScripting.VSUsageUtility.DoInitializeOnLoadCalls () [0x00044] in ./Library/PackageCache/com.unity.visualscripting@1.8.0/Editor/VisualScripting.Core/Utilities/VSUsageUtility.cs:76 
  at Unity.VisualScripting.VSUsageUtility.set_isVisualScriptingUsed (System.Boolean value) [0x00037] in ./Library/PackageCache/com.unity.visualscripting@1.8.0/Editor/VisualScripting.Core/Utilities/VSUsageUtility.cs:114 
  at Unity.VisualScripting.VSUsageUtility.CheckAndSetIsVisualScriptingUsed () [0x0003f] in ./Library/PackageCache/com.unity.visualscripting@1.8.0/Editor/VisualScripting.Core/Utilities/VSUsageUtility.cs:48 
  at Unity.VisualScripting.VSUsageUtility..cctor () [0x0000d] in ./Library/PackageCache/com.unity.visualscripting@1.8.0/Editor/VisualScripting.Core/Utilities/VSUsageUtility.cs:22 
UnityEngine.StackTraceUtility:ExtractStackTrace () (at /Users/bokken/build/output/unity/unity/Runtime/Export/Scripting/StackTrace.cs:37)
UnityEngine.DebugLogHandler:LogFormat (UnityEngine.LogType,UnityEngine.Object,string,object[])
UnityEngine.Logger:Log (UnityEngine.LogType,object)
UnityEngine.Debug:LogError (object)
UnityEditor.EditorAssemblies:ProcessInitializeOnLoadAttributes (System.Type[]) (at /Users/bokken/build/output/unity/unity/Editor/Mono/EditorAssemblies.cs:123)

(Filename: /Users/bokken/build/output/unity/unity/Editor/Mono/EditorAssemblies.cs Line: 123)

Mono: successfully reloaded assembly
- Finished resetting the current domain, in  0.850 seconds
Domain Reload Profiling: 1505ms
	BeginReloadAssembly (101ms)
		ExecutionOrderSort (0ms)
		DisableScriptedObjects (4ms)
		BackupInstance (0ms)
		ReleaseScriptingObjects (0ms)
		CreateAndSetChildDomain (29ms)
	RebuildCommonClasses (28ms)
	RebuildNativeTypeToScriptingClass (9ms)
	initialDomainReloadingComplete (28ms)
	LoadAllAssembliesAndSetupDomain (489ms)
		LoadAssemblies (267ms)
		RebuildTransferFunctionScriptingTraits (0ms)
		AnalyzeDomain (259ms)
			TypeCache.Refresh (239ms)
				TypeCache.ScanAssembly (220ms)
			ScanForSourceGeneratedMonoScriptInfo (16ms)
			ResolveRequiredComponents (5ms)
	FinalizeReload (851ms)
		ReleaseScriptCaches (0ms)
		RebuildScriptCaches (0ms)
		SetupLoadedEditorAssemblies (715ms)
			LogAssemblyErrors (0ms)
			InitializePlatformSupportModulesInManaged (19ms)
			SetLoadedEditorAssemblies (3ms)
			RefreshPlugins (0ms)
			BeforeProcessingInitializeOnLoad (85ms)
			ProcessInitializeOnLoadAttributes (573ms)
			ProcessInitializeOnLoadMethodAttributes (33ms)
			AfterProcessingInitializeOnLoad (1ms)
			EditorAssembliesLoaded (0ms)
		ExecutionOrderSort2 (0ms)
		AwakeInstancesAfterBackupRestoration (4ms)
Launching external process: /Applications/Unity/Hub/Editor/2022.3.4f1/Unity.app/Contents/Tools/UnityShaderCompiler
Launched and connected shader compiler UnityShaderCompiler after 0.06 seconds
Refreshing native plugins compatible for Editor in 1.03 ms, found 3 plugins.
Preloading 0 native plugins for Editor in 0.00 ms.
Unloading 4280 Unused Serialized files (Serialized files now loaded: 0)
Unloading 73 unused Assets / (198.9 KB). Loaded Objects now: 4742.
Memory consumption went from 159.2 MB to 159.1 MB.
Total: 14.166125 ms (FindLiveObjects: 0.140292 ms CreateObjectMapping: 0.057500 ms MarkObjects: 13.690416 ms  DeleteObjects: 0.276833 ms)

AssetImportParameters requested are different than current active one (requested -> active):
  custom:container-demuxer-ogg: 62fdf1f143b41e24485cea50d1cbac27 -> 
  custom:video-decoder-ogg-theora: a1e56fd34408186e4bbccfd4996cb3dc -> 
  custom:CustomObjectIndexerAttribute: 756ad292c208cfabdd7b50bc23989ffe -> 
  custom:container-demuxer-webm: 4f35f7cbe854078d1ac9338744f61a02 -> 
  custom:container-muxer-webm: aa71ff27fc2769a1b78a27578f13a17b -> 
  custom:video-decoder-webm-vp8: 9c59270c3fd7afecdb556c50c9e8de78 -> 
  custom:AudioImporter_EditorPlatform: 3918e3fc78b5a79bad01e8451be0beb8 -> 
  custom:framework-osx-AVFoundation: e770b220cccbd017edd2c1fefb359320 -> 
  custom:video-encoder-webm-vp8: eb34c28f22e8b96e1ab97ce403110664 -> 
  custom:audio-decoder-ogg-vorbis: bf7c407c2cedff20999df2af8eb42d56 -> 
  custom:audio-encoder-webm-vorbis: bf7c407c2cedff20999df2af8eb42d56 -> 
========================================================================
Received Import Request.
  Time since last request: 254234.917865 seconds.
  path: Assets/Texture/a/7.png
  artifactKey: Guid(034c41c47e842f242a1cee1c7441139c) Importer(815301076,1909f56bfc062723c751e8b465ee728b)
Start importing Assets/Texture/a/7.png using Guid(034c41c47e842f242a1cee1c7441139c) Importer(815301076,1909f56bfc062723c751e8b465ee728b)  -> (artifact id: '9598eb8270152bdd4765d33ea3d6bde3') in 0.073678 seconds
Number of updated asset objects reloaded before import = 0
Number of asset objects unloaded after import = 3
========================================================================
Received Import Request.
  Time since last request: 0.000054 seconds.
  path: Assets/Texture/a/4.png
  artifactKey: Guid(6402c134e465a174c9e9280888e62b5a) Importer(815301076,1909f56bfc062723c751e8b465ee728b)
Start importing Assets/Texture/a/4.png using Guid(6402c134e465a174c9e9280888e62b5a) Importer(815301076,1909f56bfc062723c751e8b465ee728b)  -> (artifact id: '13fdd8fe18e5ea1d7001541bc0c6ddac') in 0.007941 seconds
Number of updated asset objects reloaded before import = 0
Number of asset objects unloaded after import = 3
========================================================================
Received Import Request.
  Time since last request: 0.000309 seconds.
  path: Assets/FX/flicker01.png
  artifactKey: Guid(d1c999ecfdcf1ca4caf52ed275318ce7) Importer(815301076,1909f56bfc062723c751e8b465ee728b)
Start importing Assets/FX/flicker01.png using Guid(d1c999ecfdcf1ca4caf52ed275318ce7) Importer(815301076,1909f56bfc062723c751e8b465ee728b)  -> (artifact id: '36503c166ad255ec0b734170662f8a8a') in 0.011584 seconds
Number of updated asset objects reloaded before import = 0
Number of asset objects unloaded after import = 3
========================================================================
Received Import Request.
  Time since last request: 0.000436 seconds.
  path: Assets/Images/gun02.png
  artifactKey: Guid(a599f0341315db94893dcf0a3c6bddee) Importer(815301076,1909f56bfc062723c751e8b465ee728b)
Start importing Assets/Images/gun02.png using Guid(a599f0341315db94893dcf0a3c6bddee) Importer(815301076,1909f56bfc062723c751e8b465ee728b)  -> (artifact id: '526fe766ada8c52b9615dc6e8fd326d8') in 0.009722 seconds
Number of updated asset objects reloaded before import = 0
Number of asset objects unloaded after import = 3
========================================================================
Received Import Request.
  Time since last request: 0.000352 seconds.
  path: Assets/Texture/a/5.png
  artifactKey: Guid(65c8e05b0b32391459a46b3a4456ca18) Importer(815301076,1909f56bfc062723c751e8b465ee728b)
Start importing Assets/Texture/a/5.png using Guid(65c8e05b0b32391459a46b3a4456ca18) Importer(815301076,1909f56bfc062723c751e8b465ee728b)  -> (artifact id: '5eda511f83ac48b7b7252d0ea7b307a4') in 0.008348 seconds
Number of updated asset objects reloaded before import = 0
Number of asset objects unloaded after import = 3
========================================================================
Received Import Request.
  Time since last request: 0.000104 seconds.
  path: Assets/Images/bg.png
  artifactKey: Guid(6de563fadf4d5214697ba4e9b225bcc4) Importer(815301076,1909f56bfc062723c751e8b465ee728b)
Start importing Assets/Images/bg.png using Guid(6de563fadf4d5214697ba4e9b225bcc4) Importer(815301076,1909f56bfc062723c751e8b465ee728b)  -> (artifact id: '7cc98104c8ebd0b7da1f9a12889cd22e') in 0.013830 seconds
Number of updated asset objects reloaded before import = 0
Number of asset objects unloaded after import = 3
========================================================================
Received Import Request.
  Time since last request: 0.000193 seconds.
  path: Assets/Texture/b/4.png
  artifactKey: Guid(64ea40ebb869ba04fadfc221785fa5c0) Importer(815301076,1909f56bfc062723c751e8b465ee728b)
Start importing Assets/Texture/b/4.png using Guid(64ea40ebb869ba04fadfc221785fa5c0) Importer(815301076,1909f56bfc062723c751e8b465ee728b)  -> (artifact id: 'c6635bb60d3523c38aebaba0d73ea908') in 0.005540 seconds
Number of updated asset objects reloaded before import = 0
Number of asset objects unloaded after import = 3
========================================================================
Received Import Request.
  Time since last request: 0.000242 seconds.
  path: Assets/Texture/b/3.png
  artifactKey: Guid(7474f51357d578a4cb1670596c5b627a) Importer(815301076,1909f56bfc062723c751e8b465ee728b)
Start importing Assets/Texture/b/3.png using Guid(7474f51357d578a4cb1670596c5b627a) Importer(815301076,1909f56bfc062723c751e8b465ee728b)  -> (artifact id: 'e7bd14be0c6c415b55a52cd099b8ffde') in 0.006918 seconds
Number of updated asset objects reloaded before import = 0
Number of asset objects unloaded after import = 3
========================================================================
Received Import Request.
  Time since last request: 0.000488 seconds.
  path: Assets/Images/bullet01.png
  artifactKey: Guid(57b2ddbe894acbd458dd81067072bad1) Importer(815301076,1909f56bfc062723c751e8b465ee728b)
Start importing Assets/Images/bullet01.png using Guid(57b2ddbe894acbd458dd81067072bad1) Importer(815301076,1909f56bfc062723c751e8b465ee728b)  -> (artifact id: '3b38d67d43250e1be5ed8824f309d003') in 0.012033 seconds
Number of updated asset objects reloaded before import = 0
Number of asset objects unloaded after import = 3
========================================================================
Received Import Request.
  Time since last request: 0.000451 seconds.
  path: Assets/Texture/b/6.png
  artifactKey: Guid(535f6f80d1904bc40acf824acf2c97eb) Importer(815301076,1909f56bfc062723c751e8b465ee728b)
Start importing Assets/Texture/b/6.png using Guid(535f6f80d1904bc40acf824acf2c97eb) Importer(815301076,1909f56bfc062723c751e8b465ee728b)  -> (artifact id: '238e828c5d68c0f7e3d71923f6541ee1') in 0.010357 seconds
Number of updated asset objects reloaded before import = 0
Number of asset objects unloaded after import = 3
========================================================================
Received Import Request.
  Time since last request: 0.000352 seconds.
  path: Assets/Images/ground.png
  artifactKey: Guid(771fcb7bd5e5daf489ec443196512d0c) Importer(815301076,1909f56bfc062723c751e8b465ee728b)
Start importing Assets/Images/ground.png using Guid(771fcb7bd5e5daf489ec443196512d0c) Importer(815301076,1909f56bfc062723c751e8b465ee728b)  -> (artifact id: '33d13498dd4cf83eb6391f98235bd51a') in 0.006988 seconds
Number of updated asset objects reloaded before import = 0
Number of asset objects unloaded after import = 3
========================================================================
Received Import Request.
  Time since last request: 0.000361 seconds.
  path: Assets/Images/launchpanel01.png
  artifactKey: Guid(7a36e205a5243c14b9a34f290c24d0d8) Importer(815301076,1909f56bfc062723c751e8b465ee728b)
Start importing Assets/Images/launchpanel01.png using Guid(7a36e205a5243c14b9a34f290c24d0d8) Importer(815301076,1909f56bfc062723c751e8b465ee728b)  -> (artifact id: '2ec23c86876dd54e1c7ca337e7d3fc0f') in 0.015062 seconds
Number of updated asset objects reloaded before import = 0
Number of asset objects unloaded after import = 3
========================================================================
Received Import Request.
  Time since last request: 0.000920 seconds.
  path: Assets/Texture/a/8.png
  artifactKey: Guid(284834647b3c29b4da9169f57da1659e) Importer(815301076,1909f56bfc062723c751e8b465ee728b)
Start importing Assets/Texture/a/8.png using Guid(284834647b3c29b4da9169f57da1659e) Importer(815301076,1909f56bfc062723c751e8b465ee728b)  -> (artifact id: '688f307aade54ca31073a2a533bfe3aa') in 0.017718 seconds
Number of updated asset objects reloaded before import = 0
Number of asset objects unloaded after import = 3
========================================================================
Received Import Request.
  Time since last request: 0.000330 seconds.
  path: Assets/Texture/b/1.png
  artifactKey: Guid(97d047112a9391f49bf111f92663bb61) Importer(815301076,1909f56bfc062723c751e8b465ee728b)
Start importing Assets/Texture/b/1.png using Guid(97d047112a9391f49bf111f92663bb61) Importer(815301076,1909f56bfc062723c751e8b465ee728b)  -> (artifact id: '2afd38ea7ae61ed0cbbf5801f760641f') in 0.010652 seconds
Number of updated asset objects reloaded before import = 0
Number of asset objects unloaded after import = 3
========================================================================
Received Import Request.
  Time since last request: 0.000073 seconds.
  path: Assets/Images/bird.png
  artifactKey: Guid(dd99db3f41402084885e6068bfccca6e) Importer(815301076,1909f56bfc062723c751e8b465ee728b)
Start importing Assets/Images/bird.png using Guid(dd99db3f41402084885e6068bfccca6e) Importer(815301076,1909f56bfc062723c751e8b465ee728b)  -> (artifact id: 'b89bc4b8a6c1871e92223eaa0758201b') in 0.010929 seconds
Number of updated asset objects reloaded before import = 0
Number of asset objects unloaded after import = 3
========================================================================
Received Import Request.
  Time since last request: 0.000105 seconds.
  path: Assets/Texture/b/+.png
  artifactKey: Guid(2164da8ae26990c44a14588ce4b1bbde) Importer(815301076,1909f56bfc062723c751e8b465ee728b)
Start importing Assets/Texture/b/+.png using Guid(2164da8ae26990c44a14588ce4b1bbde) Importer(815301076,1909f56bfc062723c751e8b465ee728b)  -> (artifact id: 'e6a20c5369c36be0a3262ab4057c2f2d') in 0.005664 seconds
Number of updated asset objects reloaded before import = 0
Number of asset objects unloaded after import = 3
========================================================================
Received Import Request.
  Time since last request: 0.000163 seconds.
  path: Assets/Texture/a/2.png
  artifactKey: Guid(a89610821d7d97042b254fd49b705322) Importer(815301076,1909f56bfc062723c751e8b465ee728b)
Start importing Assets/Texture/a/2.png using Guid(a89610821d7d97042b254fd49b705322) Importer(815301076,1909f56bfc062723c751e8b465ee728b)  -> (artifact id: 'e951463104916ac790866ab5a2530c2e') in 0.009036 seconds
Number of updated asset objects reloaded before import = 0
Number of asset objects unloaded after import = 3
========================================================================
Received Import Request.
  Time since last request: 0.000058 seconds.
  path: Assets/FX/fire01.png
  artifactKey: Guid(15a0dab4f7f1d664db4e5dbb14b77667) Importer(815301076,1909f56bfc062723c751e8b465ee728b)
Start importing Assets/FX/fire01.png using Guid(15a0dab4f7f1d664db4e5dbb14b77667) Importer(815301076,1909f56bfc062723c751e8b465ee728b)  -> (artifact id: 'a85c66a8fdd73ab207d41884c9adc943') in 0.007737 seconds
Number of updated asset objects reloaded before import = 0
Number of asset objects unloaded after import = 3
========================================================================
Received Import Request.
  Time since last request: 0.000310 seconds.
  path: Assets/Texture/a/0.png
  artifactKey: Guid(9d852368021d45a4ba3867ed6b67e37d) Importer(815301076,1909f56bfc062723c751e8b465ee728b)
Start importing Assets/Texture/a/0.png using Guid(9d852368021d45a4ba3867ed6b67e37d) Importer(815301076,1909f56bfc062723c751e8b465ee728b)  -> (artifact id: 'f2b114ed32a44c0b7300dc0db5cc6617') in 0.010796 seconds
Number of updated asset objects reloaded before import = 0
Number of asset objects unloaded after import = 3
========================================================================
Received Import Request.
  Time since last request: 0.000258 seconds.
  path: Assets/FX/fires.png
  artifactKey: Guid(9d63021fd85b39c47941a99130fdea72) Importer(815301076,1909f56bfc062723c751e8b465ee728b)
Start importing Assets/FX/fires.png using Guid(9d63021fd85b39c47941a99130fdea72) Importer(815301076,1909f56bfc062723c751e8b465ee728b)  -> (artifact id: '153ddc1aa7df6b39dd6210ce8d705c0b') in 0.013021 seconds
Number of updated asset objects reloaded before import = 0
Number of asset objects unloaded after import = 3
========================================================================
Received Import Request.
  Time since last request: 0.000275 seconds.
  path: Assets/Texture/b/-.png
  artifactKey: Guid(a6a7f93af397d4b469b7fdae631b4c0c) Importer(815301076,1909f56bfc062723c751e8b465ee728b)
Start importing Assets/Texture/b/-.png using Guid(a6a7f93af397d4b469b7fdae631b4c0c) Importer(815301076,1909f56bfc062723c751e8b465ee728b)  -> (artifact id: 'b0b01513455080e1868b62e42bed4055') in 0.008271 seconds
Number of updated asset objects reloaded before import = 0
Number of asset objects unloaded after import = 3
========================================================================
Received Import Request.
  Time since last request: 0.000274 seconds.
  path: Assets/Texture/a/+.png
  artifactKey: Guid(6d0326fadb590944c8506fb2f6fad82d) Importer(815301076,1909f56bfc062723c751e8b465ee728b)
Start importing Assets/Texture/a/+.png using Guid(6d0326fadb590944c8506fb2f6fad82d) Importer(815301076,1909f56bfc062723c751e8b465ee728b)  -> (artifact id: 'ad1fcda3245ef4800b5a5a6f8540bd4d') in 0.009310 seconds
Number of updated asset objects reloaded before import = 0
Number of asset objects unloaded after import = 3
========================================================================
Received Import Request.
  Time since last request: 0.000209 seconds.
  path: Assets/Texture/b/0.png
  artifactKey: Guid(b5911c9660953c34a83f82324bd49da3) Importer(815301076,1909f56bfc062723c751e8b465ee728b)
Start importing Assets/Texture/b/0.png using Guid(b5911c9660953c34a83f82324bd49da3) Importer(815301076,1909f56bfc062723c751e8b465ee728b)  -> (artifact id: 'b87eae9aae9ce526749d6f72c347d3d7') in 0.007357 seconds
Number of updated asset objects reloaded before import = 0
Number of asset objects unloaded after import = 3
========================================================================
Received Import Request.
  Time since last request: 0.000088 seconds.
  path: Assets/Texture/b/9.png
  artifactKey: Guid(d9eb72f0d7939c64a8446e08a70e7fb4) Importer(815301076,1909f56bfc062723c751e8b465ee728b)
Start importing Assets/Texture/b/9.png using Guid(d9eb72f0d7939c64a8446e08a70e7fb4) Importer(815301076,1909f56bfc062723c751e8b465ee728b)  -> (artifact id: '87d8d82434c3915249ebf18a735c7831') in 0.006783 seconds
Number of updated asset objects reloaded before import = 0
Number of asset objects unloaded after import = 3
========================================================================
Received Import Request.
  Time since last request: 0.000200 seconds.
  path: Assets/Texture/a/3.png
  artifactKey: Guid(e93d27b899c50094183e407ed7ccebdd) Importer(815301076,1909f56bfc062723c751e8b465ee728b)
Start importing Assets/Texture/a/3.png using Guid(e93d27b899c50094183e407ed7ccebdd) Importer(815301076,1909f56bfc062723c751e8b465ee728b)  -> (artifact id: 'e74cecc92c636598ced31811054e9199') in 0.007888 seconds
Number of updated asset objects reloaded before import = 0
Number of asset objects unloaded after import = 3
========================================================================
Received Import Request.
  Time since last request: 0.000150 seconds.
  path: Assets/Texture/a/9.png
  artifactKey: Guid(0e471a102ae45bf41b764044f5831c9d) Importer(815301076,1909f56bfc062723c751e8b465ee728b)
Start importing Assets/Texture/a/9.png using Guid(0e471a102ae45bf41b764044f5831c9d) Importer(815301076,1909f56bfc062723c751e8b465ee728b)  -> (artifact id: '30bf00adeecd6810cd3f4ad6839349c6') in 0.007841 seconds
Number of updated asset objects reloaded before import = 0
Number of asset objects unloaded after import = 3
========================================================================
Received Import Request.
  Time since last request: 0.000273 seconds.
  path: Assets/Images/battery.png
  artifactKey: Guid(3e6f044653535114fbd2fd49cb5f59ae) Importer(815301076,1909f56bfc062723c751e8b465ee728b)
Start importing Assets/Images/battery.png using Guid(3e6f044653535114fbd2fd49cb5f59ae) Importer(815301076,1909f56bfc062723c751e8b465ee728b)  -> (artifact id: '629cf60e97d016f5a95f9be784bbc49f') in 0.007779 seconds
Number of updated asset objects reloaded before import = 0
Number of asset objects unloaded after import = 3
========================================================================
Received Import Request.
  Time since last request: 0.000150 seconds.
  path: Assets/Texture/a/1.png
  artifactKey: Guid(fb6d11d14b63314409873dd063a19244) Importer(815301076,1909f56bfc062723c751e8b465ee728b)
Start importing Assets/Texture/a/1.png using Guid(fb6d11d14b63314409873dd063a19244) Importer(815301076,1909f56bfc062723c751e8b465ee728b)  -> (artifact id: 'c78728eb6b087803cb316810214602c0') in 0.005969 seconds
Number of updated asset objects reloaded before import = 0
Number of asset objects unloaded after import = 3
========================================================================
Received Import Request.
  Time since last request: 0.000231 seconds.
  path: Assets/Texture/b/5.png
  artifactKey: Guid(4cf304262d8b681488211eb0a09dc341) Importer(815301076,1909f56bfc062723c751e8b465ee728b)
Start importing Assets/Texture/b/5.png using Guid(4cf304262d8b681488211eb0a09dc341) Importer(815301076,1909f56bfc062723c751e8b465ee728b)  -> (artifact id: '4904c84a46a9b4245d94f82de7e0e774') in 0.008996 seconds
Number of updated asset objects reloaded before import = 0
Number of asset objects unloaded after import = 3
========================================================================
Received Import Request.
  Time since last request: 0.000221 seconds.
  path: Assets/Images/Buttons/button_bg.png
  artifactKey: Guid(0db61e1611b7d48d4a18722c06be06b5) Importer(815301076,1909f56bfc062723c751e8b465ee728b)
Start importing Assets/Images/Buttons/button_bg.png using Guid(0db61e1611b7d48d4a18722c06be06b5) Importer(815301076,1909f56bfc062723c751e8b465ee728b)  -> (artifact id: 'b8f30d62b82d47097ee23ee26efc0c80') in 0.008263 seconds
Number of updated asset objects reloaded before import = 0
Number of asset objects unloaded after import = 3
========================================================================
Received Import Request.
  Time since last request: 0.000123 seconds.
  path: Assets/Texture/a/6.png
  artifactKey: Guid(f8dfa9797b7abab43b0cde5045c3850b) Importer(815301076,1909f56bfc062723c751e8b465ee728b)
Start importing Assets/Texture/a/6.png using Guid(f8dfa9797b7abab43b0cde5045c3850b) Importer(815301076,1909f56bfc062723c751e8b465ee728b)  -> (artifact id: '182a14e00b9f5bcec66f36d84806551c') in 0.008363 seconds
Number of updated asset objects reloaded before import = 0
Number of asset objects unloaded after import = 3
========================================================================
Received Import Request.
  Time since last request: 0.000222 seconds.
  path: Assets/Texture/b/8.png
  artifactKey: Guid(2924ab7a0c2153841b484e5d8aafefb9) Importer(815301076,1909f56bfc062723c751e8b465ee728b)
Start importing Assets/Texture/b/8.png using Guid(2924ab7a0c2153841b484e5d8aafefb9) Importer(815301076,1909f56bfc062723c751e8b465ee728b)  -> (artifact id: '868ae4be65a88c10a2f2f8be224e6775') in 0.007619 seconds
Number of updated asset objects reloaded before import = 0
Number of asset objects unloaded after import = 3
========================================================================
Received Import Request.
  Time since last request: 0.888502 seconds.
  path: Assets/TextMesh Pro/Resources/Fonts & Materials/LiberationSans SDF - Fallback.asset
  artifactKey: Guid(2e498d1c8094910479dc3e1b768306a4) Importer(815301076,1909f56bfc062723c751e8b465ee728b)
Start importing Assets/TextMesh Pro/Resources/Fonts & Materials/LiberationSans SDF - Fallback.asset using Guid(2e498d1c8094910479dc3e1b768306a4) Importer(815301076,1909f56bfc062723c751e8b465ee728b)  -> (artifact id: '56ecafa4da023aa901a3ab1419aaac33') in 0.095794 seconds
Number of updated asset objects reloaded before import = 0
Number of asset objects unloaded after import = 6
========================================================================
Received Import Request.
  Time since last request: 0.373903 seconds.
  path: Assets/TextMesh Pro/Resources/Fonts & Materials/LiberationSans SDF.asset
  artifactKey: Guid(8f586378b4e144a9851e7b34d9b748ee) Importer(815301076,1909f56bfc062723c751e8b465ee728b)
Start importing Assets/TextMesh Pro/Resources/Fonts & Materials/LiberationSans SDF.asset using Guid(8f586378b4e144a9851e7b34d9b748ee) Importer(815301076,1909f56bfc062723c751e8b465ee728b)  -> (artifact id: '9c6e639d2b76a9aa17279d664f85bdf3') in 0.042471 seconds
Number of updated asset objects reloaded before import = 0
Number of asset objects unloaded after import = 9
========================================================================
Received Import Request.
  Time since last request: 0.027753 seconds.
  path: Assets/FX/smoke01.png
  artifactKey: Guid(f701423ac2b081142b7150329f07255c) Importer(815301076,1909f56bfc062723c751e8b465ee728b)
Start importing Assets/FX/smoke01.png using Guid(f701423ac2b081142b7150329f07255c) Importer(815301076,1909f56bfc062723c751e8b465ee728b)  -> (artifact id: '1668628e46b3ef3b7abf004bde570586') in 0.007236 seconds
Number of updated asset objects reloaded before import = 0
Number of asset objects unloaded after import = 3
========================================================================
Received Import Request.
  Time since last request: 0.000210 seconds.
  path: Assets/Images/wing_n.png
  artifactKey: Guid(850a33e0f087f734c906c247f15bf257) Importer(815301076,1909f56bfc062723c751e8b465ee728b)
Start importing Assets/Images/wing_n.png using Guid(850a33e0f087f734c906c247f15bf257) Importer(815301076,1909f56bfc062723c751e8b465ee728b)  -> (artifact id: '4c1042308d322aa5a8a84885eacc9622') in 0.010042 seconds
Number of updated asset objects reloaded before import = 0
Number of asset objects unloaded after import = 3
========================================================================
Received Prepare
Begin MonoManager ReloadAssembly
Thread 0x29a8d3000 may have been prematurely finalized
Symbol file LoadedFromMemory doesn't match image /Users/norne/dev/flappyBird_2/Library/PackageCache/com.unity.visualscripting@1.8.0/Editor/VisualScripting.Core/Dependencies/YamlDotNet/Unity.VisualScripting.YamlDotNet.dll
Symbol file LoadedFromMemory doesn't match image /Users/norne/dev/flappyBird_2/Library/PackageCache/com.unity.visualscripting@1.8.0/Editor/VisualScripting.Core/Dependencies/DotNetZip/Unity.VisualScripting.IonicZip.dll
- Loaded All Assemblies, in  0.635 seconds
Refreshing native plugins compatible for Editor in 0.99 ms, found 3 plugins.
Native extension for iOS target not found
Native extension for OSXStandalone target not found
Native extension for WebGL target not found
System.Exception: Error! Visual Scripting: couldn't find visual scripting package
  at Unity.VisualScripting.PackageVersionUtility.get_version () [0x00025] in ./Library/PackageCache/com.unity.visualscripting@1.8.0/Editor/VisualScripting.Core/Utilities/PackageVersionUtility.cs:22 
  at Unity.VisualScripting.BoltCoreManifest.get_version () [0x00000] in ./Library/PackageCache/com.unity.visualscripting@1.8.0/Editor/VisualScripting.Core/Plugin/BoltCoreManifest.cs:11 
  at Unity.VisualScripting.PluginManifest.get_currentVersion () [0x00000] in ./Library/PackageCache/com.unity.visualscripting@1.8.0/Editor/VisualScripting.Core/Plugins/PluginManifest.cs:33 
  at Unity.VisualScripting.PluginManifest.get_versionMismatch () [0x00000] in ./Library/PackageCache/com.unity.visualscripting@1.8.0/Editor/VisualScripting.Core/Plugins/PluginManifest.cs:48 
  at Unity.VisualScripting.PluginContainer.Initialize () [0x0057d] in ./Library/PackageCache/com.unity.visualscripting@1.8.0/Editor/VisualScripting.Core/Plugins/PluginContainer.cs:208 
  at Unity.VisualScripting.PluginContainer.InitializeOnLoad () [0x00012] in ./Library/PackageCache/com.unity.visualscripting@1.8.0/Editor/VisualScripting.Core/Plugins/PluginContainer.cs:32 
  at Unity.VisualScripting.VSUsageUtility.DoInitializeOnLoadCalls () [0x00044] in ./Library/PackageCache/com.unity.visualscripting@1.8.0/Editor/VisualScripting.Core/Utilities/VSUsageUtility.cs:76 
  at Unity.VisualScripting.VSUsageUtility.set_isVisualScriptingUsed (System.Boolean value) [0x00037] in ./Library/PackageCache/com.unity.visualscripting@1.8.0/Editor/VisualScripting.Core/Utilities/VSUsageUtility.cs:114 
  at Unity.VisualScripting.VSUsageUtility.CheckAndSetIsVisualScriptingUsed () [0x00013] in ./Library/PackageCache/com.unity.visualscripting@1.8.0/Editor/VisualScripting.Core/Utilities/VSUsageUtility.cs:33 
  at Unity.VisualScripting.VSUsageUtility..cctor () [0x0000d] in ./Library/PackageCache/com.unity.visualscripting@1.8.0/Editor/VisualScripting.Core/Utilities/VSUsageUtility.cs:22 
UnityEngine.StackTraceUtility:ExtractStackTrace () (at /Users/bokken/build/output/unity/unity/Runtime/Export/Scripting/StackTrace.cs:37)
UnityEngine.DebugLogHandler:LogFormat (UnityEngine.LogType,UnityEngine.Object,string,object[])
UnityEngine.Logger:Log (UnityEngine.LogType,object)
UnityEngine.Debug:LogError (object)
UnityEditor.EditorAssemblies:ProcessInitializeOnLoadAttributes (System.Type[]) (at /Users/bokken/build/output/unity/unity/Editor/Mono/EditorAssemblies.cs:123)

(Filename: /Users/bokken/build/output/unity/unity/Editor/Mono/EditorAssemblies.cs Line: 123)

Mono: successfully reloaded assembly
- Finished resetting the current domain, in  1.482 seconds
Domain Reload Profiling: 2118ms
	BeginReloadAssembly (152ms)
		ExecutionOrderSort (0ms)
		DisableScriptedObjects (10ms)
		BackupInstance (0ms)
		ReleaseScriptingObjects (0ms)
		CreateAndSetChildDomain (69ms)
	RebuildCommonClasses (26ms)
	RebuildNativeTypeToScriptingClass (9ms)
	initialDomainReloadingComplete (23ms)
	LoadAllAssembliesAndSetupDomain (425ms)
		LoadAssemblies (229ms)
		RebuildTransferFunctionScriptingTraits (0ms)
		AnalyzeDomain (233ms)
			TypeCache.Refresh (229ms)
				TypeCache.ScanAssembly (202ms)
			ScanForSourceGeneratedMonoScriptInfo (0ms)
			ResolveRequiredComponents (4ms)
	FinalizeReload (1483ms)
		ReleaseScriptCaches (0ms)
		RebuildScriptCaches (0ms)
		SetupLoadedEditorAssemblies (660ms)
			LogAssemblyErrors (0ms)
			InitializePlatformSupportModulesInManaged (97ms)
			SetLoadedEditorAssemblies (5ms)
			RefreshPlugins (0ms)
			BeforeProcessingInitializeOnLoad (85ms)
			ProcessInitializeOnLoadAttributes (438ms)
			ProcessInitializeOnLoadMethodAttributes (34ms)
			AfterProcessingInitializeOnLoad (1ms)
			EditorAssembliesLoaded (0ms)
		ExecutionOrderSort2 (0ms)
		AwakeInstancesAfterBackupRestoration (9ms)
Refreshing native plugins compatible for Editor in 1.33 ms, found 3 plugins.
Preloading 0 native plugins for Editor in 0.00 ms.
Unloading 4261 Unused Serialized files (Serialized files now loaded: 0)
Unloading 41 unused Assets / (176.9 KB). Loaded Objects now: 4819.
Memory consumption went from 167.2 MB to 167.0 MB.
Total: 15.618625 ms (FindLiveObjects: 0.398875 ms CreateObjectMapping: 0.057834 ms MarkObjects: 14.773583 ms  DeleteObjects: 0.387000 ms)

Prepare: number of updated asset objects reloaded= 0
AssetImportParameters requested are different than current active one (requested -> active):
  custom:container-demuxer-ogg: 62fdf1f143b41e24485cea50d1cbac27 -> 
  custom:video-decoder-ogg-theora: a1e56fd34408186e4bbccfd4996cb3dc -> 
  custom:CustomObjectIndexerAttribute: 756ad292c208cfabdd7b50bc23989ffe -> 
  custom:container-demuxer-webm: 4f35f7cbe854078d1ac9338744f61a02 -> 
  custom:container-muxer-webm: aa71ff27fc2769a1b78a27578f13a17b -> 
  custom:video-decoder-webm-vp8: 9c59270c3fd7afecdb556c50c9e8de78 -> 
  custom:AudioImporter_EditorPlatform: 3918e3fc78b5a79bad01e8451be0beb8 -> 
  custom:framework-osx-AVFoundation: e770b220cccbd017edd2c1fefb359320 -> 
  custom:video-encoder-webm-vp8: eb34c28f22e8b96e1ab97ce403110664 -> 
  custom:audio-decoder-ogg-vorbis: bf7c407c2cedff20999df2af8eb42d56 -> 
  custom:audio-encoder-webm-vorbis: bf7c407c2cedff20999df2af8eb42d56 -> 
========================================================================
Received Import Request.
  Time since last request: 2195.687004 seconds.
  path: Assets/Scenes/Main.unity
  artifactKey: Guid(f30ee81bbcd95c143817a8f671bb658d) Importer(815301076,1909f56bfc062723c751e8b465ee728b)
Start importing Assets/Scenes/Main.unity using Guid(f30ee81bbcd95c143817a8f671bb658d) Importer(815301076,1909f56bfc062723c751e8b465ee728b)  -> (artifact id: '9c60049ee6a5f50fe9e6ac23ee7af751') in 0.016660 seconds
Number of updated asset objects reloaded before import = 0
Number of asset objects unloaded after import = 0
========================================================================
Received Import Request.
  Time since last request: 42.014894 seconds.
  path: Assets/Resources/Prefabs/Missile.prefab
  artifactKey: Guid(4fac37320fa89d84e8d5ef5b857b9e5b) Importer(815301076,1909f56bfc062723c751e8b465ee728b)
Start importing Assets/Resources/Prefabs/Missile.prefab using Guid(4fac37320fa89d84e8d5ef5b857b9e5b) Importer(815301076,1909f56bfc062723c751e8b465ee728b)  -> (artifact id: 'e5f8cd5b2812ce5d63d6124a424f9d58') in 0.138735 seconds
Number of updated asset objects reloaded before import = 0
Number of asset objects unloaded after import = 29
========================================================================
Received Import Request.
  Time since last request: 1570.399073 seconds.
  path: Assets/Images/sword.png
  artifactKey: Guid(d5d9c62e154164f2a9caf47b4c4b2249) Importer(815301076,1909f56bfc062723c751e8b465ee728b)
Start importing Assets/Images/sword.png using Guid(d5d9c62e154164f2a9caf47b4c4b2249) Importer(815301076,1909f56bfc062723c751e8b465ee728b)  -> (artifact id: 'ee8263480a6f33657b3a9d1b88aa5e43') in 0.123610 seconds
Number of updated asset objects reloaded before import = 0
Number of asset objects unloaded after import = 3
========================================================================
Received Import Request.
  Time since last request: 0.758894 seconds.
  path: Assets/Images/sword_light.png
  artifactKey: Guid(263584c4d0d8f4135a61e8435731851b) Importer(815301076,1909f56bfc062723c751e8b465ee728b)
Start importing Assets/Images/sword_light.png using Guid(263584c4d0d8f4135a61e8435731851b) Importer(815301076,1909f56bfc062723c751e8b465ee728b)  -> (artifact id: 'fa0a0b7ddfdf2cbd68e5740f50738ad2') in 0.007431 seconds
Number of updated asset objects reloaded before import = 0
Number of asset objects unloaded after import = 3
========================================================================
Received Import Request.
  Time since last request: 774.528932 seconds.
  path: Assets/FX
  artifactKey: Guid(a2ae097dbe5f8ae4daa61f404fbb2db3) Importer(815301076,1909f56bfc062723c751e8b465ee728b)
Start importing Assets/FX using Guid(a2ae097dbe5f8ae4daa61f404fbb2db3) Importer(815301076,1909f56bfc062723c751e8b465ee728b)  -> (artifact id: 'eafb18adbfac01bd7ffc083e39803f5e') in 0.003200 seconds
Number of updated asset objects reloaded before import = 0
Number of asset objects unloaded after import = 0
========================================================================
Received Import Request.
  Time since last request: 301.258905 seconds.
  path: Assets/Editor
  artifactKey: Guid(c4b102d813b07cd42bdae30deca15739) Importer(815301076,1909f56bfc062723c751e8b465ee728b)
Start importing Assets/Editor using Guid(c4b102d813b07cd42bdae30deca15739) Importer(815301076,1909f56bfc062723c751e8b465ee728b)  -> (artifact id: 'eb7e08b99aff7c60a33332ac5cbfdfae') in 0.002191 seconds
Number of updated asset objects reloaded before import = 0
Number of asset objects unloaded after import = 0
========================================================================
Received Import Request.
  Time since last request: 779.779413 seconds.
  path: Assets/Images/sword_light.png
  artifactKey: Guid(263584c4d0d8f4135a61e8435731851b) Importer(815301076,1909f56bfc062723c751e8b465ee728b)
Start importing Assets/Images/sword_light.png using Guid(263584c4d0d8f4135a61e8435731851b) Importer(815301076,1909f56bfc062723c751e8b465ee728b)  -> (artifact id: 'adc25d55da6f10ef18764c8d7762af65') in 0.108848 seconds
Number of updated asset objects reloaded before import = 0
Number of asset objects unloaded after import = 3
========================================================================
Received Import Request.
  Time since last request: 314.955947 seconds.
  path: Assets/Images/sword_light.png
  artifactKey: Guid(263584c4d0d8f4135a61e8435731851b) Importer(815301076,1909f56bfc062723c751e8b465ee728b)
Start importing Assets/Images/sword_light.png using Guid(263584c4d0d8f4135a61e8435731851b) Importer(815301076,1909f56bfc062723c751e8b465ee728b)  -> (artifact id: '33f162389f5d95059bf9b8e417d5a970') in 0.055876 seconds
Number of updated asset objects reloaded before import = 0
Number of asset objects unloaded after import = 3
========================================================================
Received Prepare
Begin MonoManager ReloadAssembly
Thread 0x17ff87000 may have been prematurely finalized
Symbol file LoadedFromMemory doesn't match image /Users/norne/dev/flappyBird_2/Library/PackageCache/com.unity.visualscripting@1.8.0/Editor/VisualScripting.Core/Dependencies/YamlDotNet/Unity.VisualScripting.YamlDotNet.dll
Symbol file LoadedFromMemory doesn't match image /Users/norne/dev/flappyBird_2/Library/PackageCache/com.unity.visualscripting@1.8.0/Editor/VisualScripting.Core/Dependencies/DotNetZip/Unity.VisualScripting.IonicZip.dll
- Loaded All Assemblies, in  0.891 seconds
Refreshing native plugins compatible for Editor in 1.24 ms, found 3 plugins.
Native extension for iOS target not found
Native extension for OSXStandalone target not found
Native extension for WebGL target not found
System.Exception: Error! Visual Scripting: couldn't find visual scripting package
  at Unity.VisualScripting.PackageVersionUtility.get_version () [0x00025] in ./Library/PackageCache/com.unity.visualscripting@1.8.0/Editor/VisualScripting.Core/Utilities/PackageVersionUtility.cs:22 
  at Unity.VisualScripting.BoltCoreManifest.get_version () [0x00000] in ./Library/PackageCache/com.unity.visualscripting@1.8.0/Editor/VisualScripting.Core/Plugin/BoltCoreManifest.cs:11 
  at Unity.VisualScripting.PluginManifest.get_currentVersion () [0x00000] in ./Library/PackageCache/com.unity.visualscripting@1.8.0/Editor/VisualScripting.Core/Plugins/PluginManifest.cs:33 
  at Unity.VisualScripting.PluginManifest.get_versionMismatch () [0x00000] in ./Library/PackageCache/com.unity.visualscripting@1.8.0/Editor/VisualScripting.Core/Plugins/PluginManifest.cs:48 
  at Unity.VisualScripting.PluginContainer.Initialize () [0x0057d] in ./Library/PackageCache/com.unity.visualscripting@1.8.0/Editor/VisualScripting.Core/Plugins/PluginContainer.cs:208 
  at Unity.VisualScripting.PluginContainer.InitializeOnLoad () [0x00012] in ./Library/PackageCache/com.unity.visualscripting@1.8.0/Editor/VisualScripting.Core/Plugins/PluginContainer.cs:32 
  at Unity.VisualScripting.VSUsageUtility.DoInitializeOnLoadCalls () [0x00044] in ./Library/PackageCache/com.unity.visualscripting@1.8.0/Editor/VisualScripting.Core/Utilities/VSUsageUtility.cs:76 
  at Unity.VisualScripting.VSUsageUtility.set_isVisualScriptingUsed (System.Boolean value) [0x00037] in ./Library/PackageCache/com.unity.visualscripting@1.8.0/Editor/VisualScripting.Core/Utilities/VSUsageUtility.cs:114 
  at Unity.VisualScripting.VSUsageUtility.CheckAndSetIsVisualScriptingUsed () [0x00013] in ./Library/PackageCache/com.unity.visualscripting@1.8.0/Editor/VisualScripting.Core/Utilities/VSUsageUtility.cs:33 
  at Unity.VisualScripting.VSUsageUtility..cctor () [0x0000d] in ./Library/PackageCache/com.unity.visualscripting@1.8.0/Editor/VisualScripting.Core/Utilities/VSUsageUtility.cs:22 
UnityEngine.StackTraceUtility:ExtractStackTrace () (at /Users/bokken/build/output/unity/unity/Runtime/Export/Scripting/StackTrace.cs:37)
UnityEngine.DebugLogHandler:LogFormat (UnityEngine.LogType,UnityEngine.Object,string,object[])
UnityEngine.Logger:Log (UnityEngine.LogType,object)
UnityEngine.Debug:LogError (object)
UnityEditor.EditorAssemblies:ProcessInitializeOnLoadAttributes (System.Type[]) (at /Users/bokken/build/output/unity/unity/Editor/Mono/EditorAssemblies.cs:123)

(Filename: /Users/bokken/build/output/unity/unity/Editor/Mono/EditorAssemblies.cs Line: 123)

Mono: successfully reloaded assembly
- Finished resetting the current domain, in  1.641 seconds
Domain Reload Profiling: 2533ms
	BeginReloadAssembly (240ms)
		ExecutionOrderSort (0ms)
		DisableScriptedObjects (10ms)
		BackupInstance (0ms)
		ReleaseScriptingObjects (0ms)
		CreateAndSetChildDomain (111ms)
	RebuildCommonClasses (44ms)
	RebuildNativeTypeToScriptingClass (28ms)
	initialDomainReloadingComplete (57ms)
	LoadAllAssembliesAndSetupDomain (522ms)
		LoadAssemblies (312ms)
		RebuildTransferFunctionScriptingTraits (0ms)
		AnalyzeDomain (265ms)
			TypeCache.Refresh (261ms)
				TypeCache.ScanAssembly (240ms)
			ScanForSourceGeneratedMonoScriptInfo (0ms)
			ResolveRequiredComponents (4ms)
	FinalizeReload (1642ms)
		ReleaseScriptCaches (0ms)
		RebuildScriptCaches (0ms)
		SetupLoadedEditorAssemblies (693ms)
			LogAssemblyErrors (0ms)
			InitializePlatformSupportModulesInManaged (30ms)
			SetLoadedEditorAssemblies (7ms)
			RefreshPlugins (0ms)
			BeforeProcessingInitializeOnLoad (125ms)
			ProcessInitializeOnLoadAttributes (505ms)
			ProcessInitializeOnLoadMethodAttributes (24ms)
			AfterProcessingInitializeOnLoad (1ms)
			EditorAssembliesLoaded (0ms)
		ExecutionOrderSort2 (0ms)
		AwakeInstancesAfterBackupRestoration (8ms)
Refreshing native plugins compatible for Editor in 1.48 ms, found 3 plugins.
Preloading 0 native plugins for Editor in 0.00 ms.
Unloading 4261 Unused Serialized files (Serialized files now loaded: 0)
Unloading 41 unused Assets / (176.8 KB). Loaded Objects now: 4830.
Memory consumption went from 176.1 MB to 175.9 MB.
Total: 12.512875 ms (FindLiveObjects: 0.178833 ms CreateObjectMapping: 0.061667 ms MarkObjects: 11.956291 ms  DeleteObjects: 0.315208 ms)

Prepare: number of updated asset objects reloaded= 0
AssetImportParameters requested are different than current active one (requested -> active):
  custom:container-demuxer-ogg: 62fdf1f143b41e24485cea50d1cbac27 -> 
  custom:video-decoder-ogg-theora: a1e56fd34408186e4bbccfd4996cb3dc -> 
  custom:CustomObjectIndexerAttribute: 756ad292c208cfabdd7b50bc23989ffe -> 
  custom:container-demuxer-webm: 4f35f7cbe854078d1ac9338744f61a02 -> 
  custom:container-muxer-webm: aa71ff27fc2769a1b78a27578f13a17b -> 
  custom:video-decoder-webm-vp8: 9c59270c3fd7afecdb556c50c9e8de78 -> 
  custom:AudioImporter_EditorPlatform: 3918e3fc78b5a79bad01e8451be0beb8 -> 
  custom:framework-osx-AVFoundation: e770b220cccbd017edd2c1fefb359320 -> 
  custom:video-encoder-webm-vp8: eb34c28f22e8b96e1ab97ce403110664 -> 
  custom:audio-decoder-ogg-vorbis: bf7c407c2cedff20999df2af8eb42d56 -> 
  custom:audio-encoder-webm-vorbis: bf7c407c2cedff20999df2af8eb42d56 -> 
